<?xml version="1.0" encoding="UTF-8"?>
<!-- Generated by org.testng.reporters.JUnitXMLReporter -->
<testsuite hostname="BCHOPT-NW100176" ignored="0" tests="8" failures="2" timestamp="21 Mar 2018 14:59:55 GMT" time="233.92" errors="0">
  <testcase name="RegisterTest" time="12.809" classname="RegisterTest">
    <failure type="org.openqa.selenium.NoSuchElementException" message="Cannot locate element with text: New South Wales
For documentation on this error, please visit: http://seleniumhq.org/exceptions/no_such_element.html
Build info: version: &amp;apos;3.4.0&amp;apos;, revision: &amp;apos;unknown&amp;apos;, time: &amp;apos;unknown&amp;apos;
System info: host: &amp;apos;BCHOPT-NW100176&amp;apos;, ip: &amp;apos;10.205.6.107&amp;apos;, os.name: &amp;apos;Windows 10&amp;apos;, os.arch: &amp;apos;amd64&amp;apos;, os.version: &amp;apos;10.0&amp;apos;, java.version: &amp;apos;1.8.0_121&amp;apos;
Driver info: driver.version: unknown">
      <![CDATA[org.openqa.selenium.NoSuchElementException: Cannot locate element with text: New South Wales
For documentation on this error, please visit: http://seleniumhq.org/exceptions/no_such_element.html
Build info: version: '3.4.0', revision: 'unknown', time: 'unknown'
System info: host: 'BCHOPT-NW100176', ip: '10.205.6.107', os.name: 'Windows 10', os.arch: 'amd64', os.version: '10.0', java.version: '1.8.0_121'
Driver info: driver.version: unknown
	at org.openqa.selenium.support.ui.Select.selectByVisibleText(Select.java:151)
	at com.opt.pages.RegisterPageObject.fillRegisterForm(RegisterPageObject.java:59)
	at RegisterTest.RegisterTest(RegisterTest.java:31)
... Removed 24 stack frames]]>
    </failure>
  </testcase> <!-- RegisterTest -->
  <testcase name="CreateForumPost" time="30.087" classname="CreateForumPostTest">
    <skipped/>
  </testcase> <!-- CreateForumPost -->
  <testcase name="CreateForumPost" time="30.06" classname="CreateForumPostTest">
    <skipped/>
  </testcase> <!-- CreateForumPost -->
  <testcase name="CreateForumPost" time="30.357" classname="CreateForumPostTest">
    <skipped/>
  </testcase> <!-- CreateForumPost -->
  <testcase name="CreateForumPost" time="30.139" classname="CreateForumPostTest">
    <skipped/>
  </testcase> <!-- CreateForumPost -->
  <testcase name="CreateForumPost" time="30.393" classname="CreateForumPostTest">
    <skipped/>
  </testcase> <!-- CreateForumPost -->
  <testcase name="CreateForumPost" time="30.35" classname="CreateForumPostTest">
    <skipped/>
  </testcase> <!-- CreateForumPost -->
  <testcase name="CreateForumPost" time="30.336" classname="CreateForumPostTest">
    <failure type="org.openqa.selenium.TimeoutException" message="Expected condition failed: waiting for visibility of element located by By.xpath: html/body/div[2]/header/div[2]/div/ul/li[5]/span (tried for 30 second(s) with 500 MILLISECONDS interval)">
      <![CDATA[org.openqa.selenium.TimeoutException: Expected condition failed: waiting for visibility of element located by By.xpath: html/body/div[2]/header/div[2]/div/ul/li[5]/span (tried for 30 second(s) with 500 MILLISECONDS interval)
	at org.openqa.selenium.support.ui.WebDriverWait.timeoutException(WebDriverWait.java:80)
	at org.openqa.selenium.support.ui.FluentWait.until(FluentWait.java:232)
	at com.opt.base.BasePageObject.waitFor(BasePageObject.java:88)
	at com.opt.base.BasePageObject.waitForVisibilityOf(BasePageObject.java:77)
	at com.opt.pages.CreateProgramPage.waitForForumButtonToLoad(CreateProgramPage.java:37)
	at CreateForumPostTest.CreateForumPost(CreateForumPostTest.java:14)
Caused by: org.openqa.selenium.NoSuchElementException: Cannot locate an element using By.xpath: html/body/div[2]/header/div[2]/div/ul/li[5]/span
For documentation on this error, please visit: http://seleniumhq.org/exceptions/no_such_element.html
Build info: version: '3.4.0', revision: 'unknown', time: 'unknown'
System info: host: 'BCHOPT-NW100176', ip: '10.205.6.107', os.name: 'Windows 10', os.arch: 'amd64', os.version: '10.0', java.version: '1.8.0_121'
Driver info: driver.version: unknown
	at org.openqa.selenium.support.ui.ExpectedConditions.lambda$findElement$0(ExpectedConditions.java:883)
	at java.util.Optional.orElseThrow(Optional.java:290)
	at org.openqa.selenium.support.ui.ExpectedConditions.findElement(ExpectedConditions.java:882)
	at org.openqa.selenium.support.ui.ExpectedConditions.access$000(ExpectedConditions.java:44)
	at org.openqa.selenium.support.ui.ExpectedConditions$7.apply(ExpectedConditions.java:206)
	at org.openqa.selenium.support.ui.ExpectedConditions$7.apply(ExpectedConditions.java:202)
	at org.openqa.selenium.support.ui.FluentWait.until(FluentWait.java:209)
	... 28 more
... Removed 24 stack frames]]>
    </failure>
  </testcase> <!-- CreateForumPost -->
</testsuite>
