<?xml version="1.0" encoding="UTF-8"?>
<!-- Generated by org.testng.reporters.JUnitXMLReporter -->
<testsuite hostname="BCHOPT-NW100176" ignored="0" tests="7" failures="1" timestamp="21 Mar 2018 14:56:01 GMT" time="84.903" errors="0">
  <testcase name="RegisterTest" time="12.368" classname="RegisterTest">
    <skipped/>
  </testcase> <!-- RegisterTest -->
  <testcase name="RegisterTest" time="10.328" classname="RegisterTest">
    <skipped/>
  </testcase> <!-- RegisterTest -->
  <testcase name="RegisterTest" time="9.997" classname="RegisterTest">
    <skipped/>
  </testcase> <!-- RegisterTest -->
  <testcase name="RegisterTest" time="10.704" classname="RegisterTest">
    <skipped/>
  </testcase> <!-- RegisterTest -->
  <testcase name="RegisterTest" time="11.106" classname="RegisterTest">
    <skipped/>
  </testcase> <!-- RegisterTest -->
  <testcase name="RegisterTest" time="10.5" classname="RegisterTest">
    <skipped/>
  </testcase> <!-- RegisterTest -->
  <testcase name="RegisterTest" time="10.305" classname="RegisterTest">
    <failure type="org.openqa.selenium.NoSuchElementException" message="Cannot locate element with text: New South Wales
For documentation on this error, please visit: http://seleniumhq.org/exceptions/no_such_element.html
Build info: version: &amp;apos;3.4.0&amp;apos;, revision: &amp;apos;unknown&amp;apos;, time: &amp;apos;unknown&amp;apos;
System info: host: &amp;apos;BCHOPT-NW100176&amp;apos;, ip: &amp;apos;10.205.6.107&amp;apos;, os.name: &amp;apos;Windows 10&amp;apos;, os.arch: &amp;apos;amd64&amp;apos;, os.version: &amp;apos;10.0&amp;apos;, java.version: &amp;apos;1.8.0_121&amp;apos;
Driver info: driver.version: unknown">
      <![CDATA[org.openqa.selenium.NoSuchElementException: Cannot locate element with text: New South Wales
For documentation on this error, please visit: http://seleniumhq.org/exceptions/no_such_element.html
Build info: version: '3.4.0', revision: 'unknown', time: 'unknown'
System info: host: 'BCHOPT-NW100176', ip: '10.205.6.107', os.name: 'Windows 10', os.arch: 'amd64', os.version: '10.0', java.version: '1.8.0_121'
Driver info: driver.version: unknown
	at org.openqa.selenium.support.ui.Select.selectByVisibleText(Select.java:151)
	at com.opt.pages.RegisterPageObject.fillRegisterForm(RegisterPageObject.java:59)
	at RegisterTest.RegisterTest(RegisterTest.java:31)
... Removed 24 stack frames]]>
    </failure>
  </testcase> <!-- RegisterTest -->
</testsuite>
